[{"line":1,"elements":[{"start_timestamp":"2022-10-31T13:50:30.930Z","line":3,"name":"Add Product to Cart and verify total amount.","description":"","id":"select-one-product-and-add-it-to-cart-then-increase-quantity.;add-product-to-cart-and-verify-total-amount.","type":"scenario","keyword":"Scenario","steps":[{"result":{"duration":7448431300,"status":"passed"},"line":4,"name":"Go to the Website.","match":{"location":"StepDefinition.AddItemAndVerifyAmount.go_to_the_website()"},"keyword":"Given "},{"result":{"duration":2648760300,"status":"passed"},"line":5,"name":"Navigate to search section and search for mobiles(any).","match":{"location":"StepDefinition.AddItemAndVerifyAmount.navigate_to_search_section_and_search_for_mobiles_any(io.cucumber.datatable.DataTable)"},"rows":[{"cells":["mobiles"]}],"keyword":"And "},{"result":{"error_message":"io.cucumber.core.exception.CucumberException: Could not invoke step [Select the specific mobile, print name , size , colour and Top {int} question and answer] defined at 'StepDefinition.AddItemAndVerifyAmount.select_the_specific_mobile_print_name_size_colour_and_top_question_and_answer(io.cucumber.datatable.DataTable)'.\nIt appears there was a problem with the step definition.\nThe converted arguments types were (java.lang.Integer)\r\n\tat io.cucumber.core.runner.PickleStepDefinitionMatch.couldNotInvokeStep(PickleStepDefinitionMatch.java:130)\r\n\tat io.cucumber.core.runner.PickleStepDefinitionMatch.runStep(PickleStepDefinitionMatch.java:65)\r\n\tat io.cucumber.core.runner.ExecutionMode$1.execute(ExecutionMode.java:10)\r\n\tat io.cucumber.core.runner.TestStep.executeStep(TestStep.java:85)\r\n\tat io.cucumber.core.runner.TestStep.run(TestStep.java:57)\r\n\tat io.cucumber.core.runner.PickleStepTestStep.run(PickleStepTestStep.java:51)\r\n\tat io.cucumber.core.runner.TestCase.run(TestCase.java:84)\r\n\tat io.cucumber.core.runner.Runner.runPickle(Runner.java:75)\r\n\tat io.cucumber.junit.PickleRunners$NoStepDescriptions.lambda$run$0(PickleRunners.java:151)\r\n\tat io.cucumber.core.runtime.CucumberExecutionContext.lambda$runTestCase$5(CucumberExecutionContext.java:129)\r\n\tat io.cucumber.core.runtime.RethrowingThrowableCollector.executeAndThrow(RethrowingThrowableCollector.java:23)\r\n\tat io.cucumber.core.runtime.CucumberExecutionContext.runTestCase(CucumberExecutionContext.java:129)\r\n\tat io.cucumber.junit.PickleRunners$NoStepDescriptions.run(PickleRunners.java:148)\r\n\tat io.cucumber.junit.FeatureRunner.runChild(FeatureRunner.java:144)\r\n\tat io.cucumber.junit.FeatureRunner.runChild(FeatureRunner.java:28)\r\n\tat org.junit.runners.ParentRunner$4.run(ParentRunner.java:331)\r\n\tat org.junit.runners.ParentRunner$1.schedule(ParentRunner.java:79)\r\n\tat org.junit.runners.ParentRunner.runChildren(ParentRunner.java:329)\r\n\tat org.junit.runners.ParentRunner.access$100(ParentRunner.java:66)\r\n\tat org.junit.runners.ParentRunner$2.evaluate(ParentRunner.java:293)\r\n\tat org.junit.runners.ParentRunner$3.evaluate(ParentRunner.java:306)\r\n\tat org.junit.runners.ParentRunner.run(ParentRunner.java:413)\r\n\tat io.cucumber.junit.FeatureRunner.run(FeatureRunner.java:137)\r\n\tat io.cucumber.junit.Cucumber.runChild(Cucumber.java:196)\r\n\tat io.cucumber.junit.Cucumber.runChild(Cucumber.java:89)\r\n\tat org.junit.runners.ParentRunner$4.run(ParentRunner.java:331)\r\n\tat org.junit.runners.ParentRunner$1.schedule(ParentRunner.java:79)\r\n\tat org.junit.runners.ParentRunner.runChildren(ParentRunner.java:329)\r\n\tat org.junit.runners.ParentRunner.access$100(ParentRunner.java:66)\r\n\tat org.junit.runners.ParentRunner$2.evaluate(ParentRunner.java:293)\r\n\tat io.cucumber.junit.Cucumber$RunBeforeAllHooks.evaluate(Cucumber.java:266)\r\n\tat io.cucumber.junit.Cucumber$RunAfterAllHooks.evaluate(Cucumber.java:281)\r\n\tat io.cucumber.junit.Cucumber$StartTestRun.evaluate(Cucumber.java:233)\r\n\tat io.cucumber.junit.Cucumber$FinishTestRun.evaluate(Cucumber.java:248)\r\n\tat org.junit.runners.ParentRunner$3.evaluate(ParentRunner.java:306)\r\n\tat org.junit.runners.ParentRunner.run(ParentRunner.java:413)\r\n\tat org.junit.runner.JUnitCore.run(JUnitCore.java:137)\r\n\tat com.intellij.junit4.JUnit4IdeaTestRunner.startRunnerWithArgs(JUnit4IdeaTestRunner.java:69)\r\n\tat com.intellij.rt.junit.IdeaTestRunner$Repeater$1.execute(IdeaTestRunner.java:38)\r\n\tat com.intellij.rt.execution.junit.TestsRepeater.repeat(TestsRepeater.java:11)\r\n\tat com.intellij.rt.junit.IdeaTestRunner$Repeater.startRunnerWithArgs(IdeaTestRunner.java:35)\r\n\tat com.intellij.rt.junit.JUnitStarter.prepareStreamsAndStart(JUnitStarter.java:235)\r\n\tat com.intellij.rt.junit.JUnitStarter.main(JUnitStarter.java:54)\r\nCaused by: io.cucumber.core.backend.CucumberBackendException: Failed to invoke public void StepDefinition.AddItemAndVerifyAmount.select_the_specific_mobile_print_name_size_colour_and_top_question_and_answer(io.cucumber.datatable.DataTable)\r\n\tat io.cucumber.java.Invoker.doInvoke(Invoker.java:68)\r\n\tat io.cucumber.java.Invoker.invoke(Invoker.java:24)\r\n\tat io.cucumber.java.AbstractGlueDefinition.invokeMethod(AbstractGlueDefinition.java:47)\r\n\tat io.cucumber.java.JavaStepDefinition.execute(JavaStepDefinition.java:29)\r\n\tat io.cucumber.core.runner.CoreStepDefinition.execute(CoreStepDefinition.java:66)\r\n\tat io.cucumber.core.runner.PickleStepDefinitionMatch.runStep(PickleStepDefinitionMatch.java:63)\r\n\t... 41 more\r\nCaused by: java.lang.IllegalArgumentException: argument type mismatch\r\n\tat java.base/jdk.internal.reflect.DirectMethodHandleAccessor.invoke(DirectMethodHandleAccessor.java:108)\r\n\tat java.base/java.lang.reflect.Method.invoke(Method.java:577)\r\n\tat io.cucumber.java.Invoker.doInvoke(Invoker.java:66)\r\n\t... 46 more\r\n","duration":4994500,"status":"failed"},"line":7,"name":"Select the specific mobile, print name , size , colour and Top 3 question and answer","match":{"arguments":[{"val":"3","offset":63}],"location":"StepDefinition.AddItemAndVerifyAmount.select_the_specific_mobile_print_name_size_colour_and_top_question_and_answer(io.cucumber.datatable.DataTable)"},"keyword":"And "},{"result":{"status":"skipped"},"line":8,"name":"Add the item to the cart, put assertion on the product added to cart.","match":{"location":"StepDefinition.AddItemAndVerifyAmount.add_the_item_to_the_cart_put_assertion_on_the_product_added_to_cart()"},"keyword":"And "},{"result":{"status":"skipped"},"line":9,"name":"Navigate to Shopping Cart button, increase the order Quantity to 4.","match":{"arguments":[{"val":"4","offset":65}],"location":"StepDefinition.AddItemAndVerifyAmount.navigate_to_shopping_cart_button_increase_the_order_quantity_to(java.lang.Integer)"},"keyword":"When "},{"result":{"status":"skipped"},"line":10,"name":"Verify the item quantity inside the cart and list the total amount for the order.","match":{"location":"StepDefinition.AddItemAndVerifyAmount.verify_the_item_quantity_inside_the_cart_and_list_the_total_amount_for_the_order()"},"keyword":"Then "}]}],"name":"Select one product and add it to cart then increase quantity.","description":"","id":"select-one-product-and-add-it-to-cart-then-increase-quantity.","keyword":"Feature","uri":"file:src/test/java/FeatureFile/AddItemToCart.feature","tags":[]}]